#
# There is insufficient memory for the Java Runtime Environment to continue.
# Native memory allocation (malloc) failed to allocate 462816 bytes for Chunk::new
# Possible reasons:
#   The system is out of physical RAM or swap space
#   The process is running with CompressedOops enabled, and the Java Heap may be blocking the growth of the native heap
# Possible solutions:
#   Reduce memory load on the system
#   Increase physical memory or swap space
#   Check if swap backing store is full
#   Decrease Java heap size (-Xmx/-Xms)
#   Decrease number of Java threads
#   Decrease Java thread stack sizes (-Xss)
#   Set larger code cache with -XX:ReservedCodeCacheSize=
#   JVM is running with Unscaled Compressed Oops mode in which the Java heap is
#     placed in the first 4GB address space. The Java Heap base address is the
#     maximum limit for the native heap growth. Please use -XX:HeapBaseMinAddress
#     to set the Java Heap base and to place the Java Heap above 4GB virtual address.
# This output file may be truncated or incomplete.
#
#  Out of Memory Error (t:/workspace/open/src/hotspot/share/memory/arena.cpp:197), pid=19480, tid=19724
#
# JRE version: Java(TM) SE Runtime Environment (12.0.2+10) (build 12.0.2+10)
# Java VM: Java HotSpot(TM) 64-Bit Server VM (12.0.2+10, mixed mode, sharing, tiered, compressed oops, g1 gc, windows-amd64)
# No core dump will be written. Minidumps are not enabled by default on client versions of Windows
#

---------------  S U M M A R Y ------------

Command Line: -Dfile.encoding=Cp1252 Controllers.ControllerMenu

Host: Intel(R) Core(TM) i7-8550U CPU @ 1.80GHz, 8 cores, 7G,  Windows 10 , 64 bit Build 17134 (10.0.17134.753)
Time: Fri May 15 03:02:12 2020 Egypt Standard Time elapsed time: 0 seconds (0d 0h 0m 0s)

---------------  T H R E A D  ---------------

Current thread (0x000001d227f18800):  JavaThread "C2 CompilerThread0" daemon [_thread_in_native, id=19724, stack(0x000000ab89400000,0x000000ab89500000)]


Current CompileTask:
C2:    611  775       4       jdk.internal.org.objectweb.asm.Frame::execute (2305 bytes)

Stack: [0x000000ab89400000,0x000000ab89500000]
Native frames: (J=compiled Java code, j=interpreted, Vv=VM code, C=native code)
V  [jvm.dll+0x63aa2a]
V  [jvm.dll+0x78ce1e]
V  [jvm.dll+0x78e4c1]
V  [jvm.dll+0x78eb13]
V  [jvm.dll+0x2627e8]
V  [jvm.dll+0xc55cc]
V  [jvm.dll+0xc5b4c]
V  [jvm.dll+0x2d4034]
V  [jvm.dll+0x5569ad]
V  [jvm.dll+0x21d9cc]
V  [jvm.dll+0x21b2b6]
V  [jvm.dll+0x199a20]
V  [jvm.dll+0x22a744]
V  [jvm.dll+0x228d98]
V  [jvm.dll+0x7512a0]
V  [jvm.dll+0x74a2c8]
V  [jvm.dll+0x639b16]
C  [ucrtbase.dll+0x1e3fe]
C  [KERNEL32.DLL+0x14034]
C  [ntdll.dll+0x73691]


---------------  P R O C E S S  ---------------

Threads class SMR info:
_java_thread_list=0x000001d22902a650, length=16, elements={
0x000001d227ef9000, 0x000001d227efa000, 0x000001d227f15000, 0x000001d227f16000,
0x000001d227f18800, 0x000001d227f20000, 0x000001d227f2c000, 0x000001d22896c800,
0x000001d228973800, 0x000001d228ecf000, 0x000001d228ed2800, 0x000001d228eda000,
0x000001d229079000, 0x000001d22901c800, 0x000001d209264000, 0x000001d229255800
}

Java Threads: ( => current thread )
  0x000001d227ef9000 JavaThread "Reference Handler" daemon [_thread_blocked, id=21484, stack(0x000000ab89000000,0x000000ab89100000)]
  0x000001d227efa000 JavaThread "Finalizer" daemon [_thread_blocked, id=1952, stack(0x000000ab89100000,0x000000ab89200000)]
  0x000001d227f15000 JavaThread "Signal Dispatcher" daemon [_thread_blocked, id=20948, stack(0x000000ab89200000,0x000000ab89300000)]
  0x000001d227f16000 JavaThread "Attach Listener" daemon [_thread_blocked, id=19728, stack(0x000000ab89300000,0x000000ab89400000)]
=>0x000001d227f18800 JavaThread "C2 CompilerThread0" daemon [_thread_in_native, id=19724, stack(0x000000ab89400000,0x000000ab89500000)]
  0x000001d227f20000 JavaThread "C1 CompilerThread0" daemon [_thread_blocked, id=1356, stack(0x000000ab89500000,0x000000ab89600000)]
  0x000001d227f2c000 JavaThread "Sweeper thread" daemon [_thread_blocked, id=17836, stack(0x000000ab89600000,0x000000ab89700000)]
  0x000001d22896c800 JavaThread "Service Thread" daemon [_thread_blocked, id=15560, stack(0x000000ab89700000,0x000000ab89800000)]
  0x000001d228973800 JavaThread "Common-Cleaner" daemon [_thread_blocked, id=21108, stack(0x000000ab89900000,0x000000ab89a00000)]
  0x000001d228ecf000 JavaThread "Java2D Disposer" daemon [_thread_blocked, id=11244, stack(0x000000ab89a00000,0x000000ab89b00000)]
  0x000001d228ed2800 JavaThread "AWT-Shutdown" [_thread_blocked, id=19956, stack(0x000000ab89b00000,0x000000ab89c00000)]
  0x000001d228eda000 JavaThread "AWT-Windows" daemon [_thread_in_native, id=19964, stack(0x000000ab89c00000,0x000000ab89d00000)]
  0x000001d229079000 JavaThread "AWT-EventQueue-0" [_thread_blocked, id=19868, stack(0x000000ab89d00000,0x000000ab89e00000)]
  0x000001d22901c800 JavaThread "Image Fetcher 0" daemon [_thread_blocked, id=9876, stack(0x000000ab89e00000,0x000000ab89f00000)]
  0x000001d209264000 JavaThread "DestroyJavaVM" [_thread_blocked, id=11060, stack(0x000000ab88900000,0x000000ab88a00000)]
  0x000001d229255800 JavaThread "C2 CompilerThread1" daemon [_thread_blocked, id=15016, stack(0x000000ab89f00000,0x000000ab8a000000)]

Other Threads:
  0x000001d227ef5800 VMThread "VM Thread" [stack: 0x000000ab88f00000,0x000000ab89000000] [id=15948]
  0x000001d22896e000 WatcherThread [stack: 0x000000ab89800000,0x000000ab89900000] [id=19360]
  0x000001d2092a3800 GCTaskThread "GC Thread#0" [stack: 0x000000ab88a00000,0x000000ab88b00000] [id=17180]
  0x000001d2092b2000 ConcurrentGCThread "G1 Main Marker" [stack: 0x000000ab88b00000,0x000000ab88c00000] [id=17440]
  0x000001d2092b5800 ConcurrentGCThread "G1 Conc#0" [stack: 0x000000ab88c00000,0x000000ab88d00000] [id=17328]
  0x000001d20933e000 ConcurrentGCThread "G1 Refine#0" [stack: 0x000000ab88d00000,0x000000ab88e00000] [id=8624]
  0x000001d227d70800 ConcurrentGCThread "G1 Young RemSet Sampling" [stack: 0x000000ab88e00000,0x000000ab88f00000] [id=1904]

Threads with active compile tasks:
C2 CompilerThread0   775       4       jdk.internal.org.objectweb.asm.Frame::execute (2305 bytes)

VM state:not at safepoint (normal execution)

VM Mutex/Monitor currently owned by a thread: None

Heap address: 0x0000000081e00000, size: 2018 MB, Compressed Oops mode: 32-bit
Narrow klass base: 0x0000000800000000, Narrow klass shift: 3
Compressed class space size: 1073741824 Address: 0x0000000801190000

Heap:
 garbage-first heap   total 131072K, used 24576K [0x0000000081e00000, 0x0000000100000000)
  region size 1024K, 10 young (10240K), 0 survivors (0K)
 Metaspace       used 8150K, capacity 8436K, committed 8576K, reserved 1056768K
  class space    used 958K, capacity 1119K, committed 1152K, reserved 1048576K
Heap Regions: E=young(eden), S=young(survivor), O=old, HS=humongous(starts), HC=humongous(continues), CS=collection set, F=free, A=archive, TAMS=top-at-mark-start (previous, next)
|   0|0x0000000081e00000, 0x0000000081f00000, 0x0000000081f00000|100%|HS|  |TAMS 0x0000000081e00000, 0x0000000081e00000| Complete 
|   1|0x0000000081f00000, 0x0000000082000000, 0x0000000082000000|100%|HC|  |TAMS 0x0000000081f00000, 0x0000000081f00000| Complete 
|   2|0x0000000082000000, 0x0000000082100000, 0x0000000082100000|100%|HC|  |TAMS 0x0000000082000000, 0x0000000082000000| Complete 
|   3|0x0000000082100000, 0x0000000082200000, 0x0000000082200000|100%|HC|  |TAMS 0x0000000082100000, 0x0000000082100000| Complete 
|   4|0x0000000082200000, 0x0000000082300000, 0x0000000082300000|100%|HC|  |TAMS 0x0000000082200000, 0x0000000082200000| Complete 
|   5|0x0000000082300000, 0x0000000082400000, 0x0000000082400000|100%|HC|  |TAMS 0x0000000082300000, 0x0000000082300000| Complete 
|   6|0x0000000082400000, 0x0000000082500000, 0x0000000082500000|100%|HC|  |TAMS 0x0000000082400000, 0x0000000082400000| Complete 
|   7|0x0000000082500000, 0x0000000082600000, 0x0000000082600000|100%|HC|  |TAMS 0x0000000082500000, 0x0000000082500000| Complete 
|   8|0x0000000082600000, 0x0000000082700000, 0x0000000082700000|100%|HS|  |TAMS 0x0000000082600000, 0x0000000082600000| Complete 
|   9|0x0000000082700000, 0x0000000082800000, 0x0000000082800000|100%|HC|  |TAMS 0x0000000082700000, 0x0000000082700000| Complete 
|  10|0x0000000082800000, 0x0000000082900000, 0x0000000082900000|100%|HC|  |TAMS 0x0000000082800000, 0x0000000082800000| Complete 
|  11|0x0000000082900000, 0x0000000082a00000, 0x0000000082a00000|100%|HC|  |TAMS 0x0000000082900000, 0x0000000082900000| Complete 
|  12|0x0000000082a00000, 0x0000000082b00000, 0x0000000082b00000|100%|HC|  |TAMS 0x0000000082a00000, 0x0000000082a00000| Complete 
|  13|0x0000000082b00000, 0x0000000082c00000, 0x0000000082c00000|100%|HC|  |TAMS 0x0000000082b00000, 0x0000000082b00000| Complete 
|  14|0x0000000082c00000, 0x0000000082d00000, 0x0000000082d00000|100%|HC|  |TAMS 0x0000000082c00000, 0x0000000082c00000| Complete 
|  15|0x0000000082d00000, 0x0000000082e00000, 0x0000000082e00000|100%|HC|  |TAMS 0x0000000082d00000, 0x0000000082d00000| Complete 
|  16|0x0000000082e00000, 0x0000000082e00000, 0x0000000082f00000|  0%| F|  |TAMS 0x0000000082e00000, 0x0000000082e00000| Untracked 
|  17|0x0000000082f00000, 0x0000000082f00000, 0x0000000083000000|  0%| F|  |TAMS 0x0000000082f00000, 0x0000000082f00000| Untracked 
|  18|0x0000000083000000, 0x0000000083000000, 0x0000000083100000|  0%| F|  |TAMS 0x0000000083000000, 0x0000000083000000| Untracked 
|  19|0x0000000083100000, 0x0000000083100000, 0x0000000083200000|  0%| F|  |TAMS 0x0000000083100000, 0x0000000083100000| Untracked 
|  20|0x0000000083200000, 0x0000000083200000, 0x0000000083300000|  0%| F|  |TAMS 0x0000000083200000, 0x0000000083200000| Untracked 
|  21|0x0000000083300000, 0x0000000083300000, 0x0000000083400000|  0%| F|  |TAMS 0x0000000083300000, 0x0000000083300000| Untracked 
|  22|0x0000000083400000, 0x0000000083400000, 0x0000000083500000|  0%| F|  |TAMS 0x0000000083400000, 0x0000000083400000| Untracked 
|  23|0x0000000083500000, 0x0000000083500000, 0x0000000083600000|  0%| F|  |TAMS 0x0000000083500000, 0x0000000083500000| Untracked 
|  24|0x0000000083600000, 0x0000000083600000, 0x0000000083700000|  0%| F|  |TAMS 0x0000000083600000, 0x0000000083600000| Untracked 
|  25|0x0000000083700000, 0x0000000083700000, 0x0000000083800000|  0%| F|  |TAMS 0x0000000083700000, 0x0000000083700000| Untracked 
|  26|0x0000000083800000, 0x0000000083800000, 0x0000000083900000|  0%| F|  |TAMS 0x0000000083800000, 0x0000000083800000| Untracked 
|  27|0x0000000083900000, 0x0000000083900000, 0x0000000083a00000|  0%| F|  |TAMS 0x0000000083900000, 0x0000000083900000| Untracked 
|  28|0x0000000083a00000, 0x0000000083a00000, 0x0000000083b00000|  0%| F|  |TAMS 0x0000000083a00000, 0x0000000083a00000| Untracked 
|  29|0x0000000083b00000, 0x0000000083b00000, 0x0000000083c00000|  0%| F|  |TAMS 0x0000000083b00000, 0x0000000083b00000| Untracked 
|  30|0x0000000083c00000, 0x0000000083c00000, 0x0000000083d00000|  0%| F|  |TAMS 0x0000000083c00000, 0x0000000083c00000| Untracked 
|  31|0x0000000083d00000, 0x0000000083d00000, 0x0000000083e00000|  0%| F|  |TAMS 0x0000000083d00000, 0x0000000083d00000| Untracked 
|  32|0x0000000083e00000, 0x0000000083e00000, 0x0000000083f00000|  0%| F|  |TAMS 0x0000000083e00000, 0x0000000083e00000| Untracked 
|  33|0x0000000083f00000, 0x0000000083f00000, 0x0000000084000000|  0%| F|  |TAMS 0x0000000083f00000, 0x0000000083f00000| Untracked 
|  34|0x0000000084000000, 0x0000000084000000, 0x0000000084100000|  0%| F|  |TAMS 0x0000000084000000, 0x0000000084000000| Untracked 
|  35|0x0000000084100000, 0x0000000084100000, 0x0000000084200000|  0%| F|  |TAMS 0x0000000084100000, 0x0000000084100000| Untracked 
|  36|0x0000000084200000, 0x0000000084200000, 0x0000000084300000|  0%| F|  |TAMS 0x0000000084200000, 0x0000000084200000| Untracked 
|  37|0x0000000084300000, 0x0000000084300000, 0x0000000084400000|  0%| F|  |TAMS 0x0000000084300000, 0x0000000084300000| Untracked 
|  38|0x0000000084400000, 0x0000000084400000, 0x0000000084500000|  0%| F|  |TAMS 0x0000000084400000, 0x0000000084400000| Untracked 
|  39|0x0000000084500000, 0x0000000084500000, 0x0000000084600000|  0%| F|  |TAMS 0x0000000084500000, 0x0000000084500000| Untracked 
|  40|0x0000000084600000, 0x0000000084600000, 0x0000000084700000|  0%| F|  |TAMS 0x0000000084600000, 0x0000000084600000| Untracked 
|  41|0x0000000084700000, 0x0000000084700000, 0x0000000084800000|  0%| F|  |TAMS 0x0000000084700000, 0x0000000084700000| Untracked 
|  42|0x0000000084800000, 0x0000000084800000, 0x0000000084900000|  0%| F|  |TAMS 0x0000000084800000, 0x0000000084800000| Untracked 
|  43|0x0000000084900000, 0x0000000084900000, 0x0000000084a00000|  0%| F|  |TAMS 0x0000000084900000, 0x0000000084900000| Untracked 
|  44|0x0000000084a00000, 0x0000000084a00000, 0x0000000084b00000|  0%| F|  |TAMS 0x0000000084a00000, 0x0000000084a00000| Untracked 
|  45|0x0000000084b00000, 0x0000000084b00000, 0x0000000084c00000|  0%| F|  |TAMS 0x0000000084b00000, 0x0000000084b00000| Untracked 
|  46|0x0000000084c00000, 0x0000000084c00000, 0x0000000084d00000|  0%| F|  |TAMS 0x0000000084c00000, 0x0000000084c00000| Untracked 
|  47|0x0000000084d00000, 0x0000000084d00000, 0x0000000084e00000|  0%| F|  |TAMS 0x0000000084d00000, 0x0000000084d00000| Untracked 
|  48|0x0000000084e00000, 0x0000000084e00000, 0x0000000084f00000|  0%| F|  |TAMS 0x0000000084e00000, 0x0000000084e00000| Untracked 
|  49|0x0000000084f00000, 0x0000000084f00000, 0x0000000085000000|  0%| F|  |TAMS 0x0000000084f00000, 0x0000000084f00000| Untracked 
|  50|0x0000000085000000, 0x0000000085000000, 0x0000000085100000|  0%| F|  |TAMS 0x0000000085000000, 0x0000000085000000| Untracked 
|  51|0x0000000085100000, 0x0000000085100000, 0x0000000085200000|  0%| F|  |TAMS 0x0000000085100000, 0x0000000085100000| Untracked 
|  52|0x0000000085200000, 0x0000000085200000, 0x0000000085300000|  0%| F|  |TAMS 0x0000000085200000, 0x0000000085200000| Untracked 
|  53|0x0000000085300000, 0x0000000085300000, 0x0000000085400000|  0%| F|  |TAMS 0x0000000085300000, 0x0000000085300000| Untracked 
|  54|0x0000000085400000, 0x0000000085400000, 0x0000000085500000|  0%| F|  |TAMS 0x0000000085400000, 0x0000000085400000| Untracked 
|  55|0x0000000085500000, 0x0000000085500000, 0x0000000085600000|  0%| F|  |TAMS 0x0000000085500000, 0x0000000085500000| Untracked 
|  56|0x0000000085600000, 0x0000000085600000, 0x0000000085700000|  0%| F|  |TAMS 0x0000000085600000, 0x0000000085600000| Untracked 
|  57|0x0000000085700000, 0x0000000085700000, 0x0000000085800000|  0%| F|  |TAMS 0x0000000085700000, 0x0000000085700000| Untracked 
|  58|0x0000000085800000, 0x0000000085800000, 0x0000000085900000|  0%| F|  |TAMS 0x0000000085800000, 0x0000000085800000| Untracked 
|  59|0x0000000085900000, 0x0000000085900000, 0x0000000085a00000|  0%| F|  |TAMS 0x0000000085900000, 0x0000000085900000| Untracked 
|  60|0x0000000085a00000, 0x0000000085a00000, 0x0000000085b00000|  0%| F|  |TAMS 0x0000000085a00000, 0x0000000085a00000| Untracked 
|  61|0x0000000085b00000, 0x0000000085b00000, 0x0000000085c00000|  0%| F|  |TAMS 0x0000000085b00000, 0x0000000085b00000| Untracked 
|  62|0x0000000085c00000, 0x0000000085c00000, 0x0000000085d00000|  0%| F|  |TAMS 0x0000000085c00000, 0x0000000085c00000| Untracked 
|  63|0x0000000085d00000, 0x0000000085d00000, 0x0000000085e00000|  0%| F|  |TAMS 0x0000000085d00000, 0x0000000085d00000| Untracked 
|  64|0x0000000085e00000, 0x0000000085e00000, 0x0000000085f00000|  0%| F|  |TAMS 0x0000000085e00000, 0x0000000085e00000| Untracked 
|  65|0x0000000085f00000, 0x0000000085f00000, 0x0000000086000000|  0%| F|  |TAMS 0x0000000085f00000, 0x0000000085f00000| Untracked 
|  66|0x0000000086000000, 0x0000000086000000, 0x0000000086100000|  0%| F|  |TAMS 0x0000000086000000, 0x0000000086000000| Untracked 
|  67|0x0000000086100000, 0x0000000086100000, 0x0000000086200000|  0%| F|  |TAMS 0x0000000086100000, 0x0000000086100000| Untracked 
|  68|0x0000000086200000, 0x0000000086200000, 0x0000000086300000|  0%| F|  |TAMS 0x0000000086200000, 0x0000000086200000| Untracked 
|  69|0x0000000086300000, 0x0000000086300000, 0x0000000086400000|  0%| F|  |TAMS 0x0000000086300000, 0x0000000086300000| Untracked 
|  70|0x0000000086400000, 0x0000000086400000, 0x0000000086500000|  0%| F|  |TAMS 0x0000000086400000, 0x0000000086400000| Untracked 
|  71|0x0000000086500000, 0x0000000086500000, 0x0000000086600000|  0%| F|  |TAMS 0x0000000086500000, 0x0000000086500000| Untracked 
|  72|0x0000000086600000, 0x0000000086600000, 0x0000000086700000|  0%| F|  |TAMS 0x0000000086600000, 0x0000000086600000| Untracked 
|  73|0x0000000086700000, 0x0000000086700000, 0x0000000086800000|  0%| F|  |TAMS 0x0000000086700000, 0x0000000086700000| Untracked 
|  74|0x0000000086800000, 0x0000000086800000, 0x0000000086900000|  0%| F|  |TAMS 0x0000000086800000, 0x0000000086800000| Untracked 
|  75|0x0000000086900000, 0x0000000086900000, 0x0000000086a00000|  0%| F|  |TAMS 0x0000000086900000, 0x0000000086900000| Untracked 
|  76|0x0000000086a00000, 0x0000000086a00000, 0x0000000086b00000|  0%| F|  |TAMS 0x0000000086a00000, 0x0000000086a00000| Untracked 
|  77|0x0000000086b00000, 0x0000000086b00000, 0x0000000086c00000|  0%| F|  |TAMS 0x0000000086b00000, 0x0000000086b00000| Untracked 
|  78|0x0000000086c00000, 0x0000000086c00000, 0x0000000086d00000|  0%| F|  |TAMS 0x0000000086c00000, 0x0000000086c00000| Untracked 
|  79|0x0000000086d00000, 0x0000000086d00000, 0x0000000086e00000|  0%| F|  |TAMS 0x0000000086d00000, 0x0000000086d00000| Untracked 
|  80|0x0000000086e00000, 0x0000000086e00000, 0x0000000086f00000|  0%| F|  |TAMS 0x0000000086e00000, 0x0000000086e00000| Untracked 
|  81|0x0000000086f00000, 0x0000000086f00000, 0x0000000087000000|  0%| F|  |TAMS 0x0000000086f00000, 0x0000000086f00000| Untracked 
|  82|0x0000000087000000, 0x0000000087000000, 0x0000000087100000|  0%| F|  |TAMS 0x0000000087000000, 0x0000000087000000| Untracked 
|  83|0x0000000087100000, 0x0000000087100000, 0x0000000087200000|  0%| F|  |TAMS 0x0000000087100000, 0x0000000087100000| Untracked 
|  84|0x0000000087200000, 0x0000000087200000, 0x0000000087300000|  0%| F|  |TAMS 0x0000000087200000, 0x0000000087200000| Untracked 
|  85|0x0000000087300000, 0x0000000087300000, 0x0000000087400000|  0%| F|  |TAMS 0x0000000087300000, 0x0000000087300000| Untracked 
|  86|0x0000000087400000, 0x0000000087400000, 0x0000000087500000|  0%| F|  |TAMS 0x0000000087400000, 0x0000000087400000| Untracked 
|  87|0x0000000087500000, 0x0000000087500000, 0x0000000087600000|  0%| F|  |TAMS 0x0000000087500000, 0x0000000087500000| Untracked 
|  88|0x0000000087600000, 0x0000000087600000, 0x0000000087700000|  0%| F|  |TAMS 0x0000000087600000, 0x0000000087600000| Untracked 
|  89|0x0000000087700000, 0x0000000087700000, 0x0000000087800000|  0%| F|  |TAMS 0x0000000087700000, 0x0000000087700000| Untracked 
|  90|0x0000000087800000, 0x0000000087800000, 0x0000000087900000|  0%| F|  |TAMS 0x0000000087800000, 0x0000000087800000| Untracked 
|  91|0x0000000087900000, 0x0000000087900000, 0x0000000087a00000|  0%| F|  |TAMS 0x0000000087900000, 0x0000000087900000| Untracked 
|  92|0x0000000087a00000, 0x0000000087a00000, 0x0000000087b00000|  0%| F|  |TAMS 0x0000000087a00000, 0x0000000087a00000| Untracked 
|  93|0x0000000087b00000, 0x0000000087b00000, 0x0000000087c00000|  0%| F|  |TAMS 0x0000000087b00000, 0x0000000087b00000| Untracked 
|  94|0x0000000087c00000, 0x0000000087c00000, 0x0000000087d00000|  0%| F|  |TAMS 0x0000000087c00000, 0x0000000087c00000| Untracked 
|  95|0x0000000087d00000, 0x0000000087d00000, 0x0000000087e00000|  0%| F|  |TAMS 0x0000000087d00000, 0x0000000087d00000| Untracked 
|  96|0x0000000087e00000, 0x0000000087e00000, 0x0000000087f00000|  0%| F|  |TAMS 0x0000000087e00000, 0x0000000087e00000| Untracked 
|  97|0x0000000087f00000, 0x0000000087f00000, 0x0000000088000000|  0%| F|  |TAMS 0x0000000087f00000, 0x0000000087f00000| Untracked 
|  98|0x0000000088000000, 0x0000000088000000, 0x0000000088100000|  0%| F|  |TAMS 0x0000000088000000, 0x0000000088000000| Untracked 
|  99|0x0000000088100000, 0x0000000088100000, 0x0000000088200000|  0%| F|  |TAMS 0x0000000088100000, 0x0000000088100000| Untracked 
| 100|0x0000000088200000, 0x0000000088200000, 0x0000000088300000|  0%| F|  |TAMS 0x0000000088200000, 0x0000000088200000| Untracked 
| 101|0x0000000088300000, 0x0000000088300000, 0x0000000088400000|  0%| F|  |TAMS 0x0000000088300000, 0x0000000088300000| Untracked 
| 102|0x0000000088400000, 0x0000000088400000, 0x0000000088500000|  0%| F|  |TAMS 0x0000000088400000, 0x0000000088400000| Untracked 
| 103|0x0000000088500000, 0x0000000088500000, 0x0000000088600000|  0%| F|  |TAMS 0x0000000088500000, 0x0000000088500000| Untracked 
| 104|0x0000000088600000, 0x0000000088600000, 0x0000000088700000|  0%| F|  |TAMS 0x0000000088600000, 0x0000000088600000| Untracked 
| 105|0x0000000088700000, 0x0000000088700000, 0x0000000088800000|  0%| F|  |TAMS 0x0000000088700000, 0x0000000088700000| Untracked 
| 106|0x0000000088800000, 0x0000000088800000, 0x0000000088900000|  0%| F|  |TAMS 0x0000000088800000, 0x0000000088800000| Untracked 
| 107|0x0000000088900000, 0x0000000088900000, 0x0000000088a00000|  0%| F|  |TAMS 0x0000000088900000, 0x0000000088900000| Untracked 
| 108|0x0000000088a00000, 0x0000000088a00000, 0x0000000088b00000|  0%| F|  |TAMS 0x0000000088a00000, 0x0000000088a00000| Untracked 
| 109|0x0000000088b00000, 0x0000000088b00000, 0x0000000088c00000|  0%| F|  |TAMS 0x0000000088b00000, 0x0000000088b00000| Untracked 
| 110|0x0000000088c00000, 0x0000000088c00000, 0x0000000088d00000|  0%| F|  |TAMS 0x0000000088c00000, 0x0000000088c00000| Untracked 
| 111|0x0000000088d00000, 0x0000000088d00000, 0x0000000088e00000|  0%| F|  |TAMS 0x0000000088d00000, 0x0000000088d00000| Untracked 
| 112|0x0000000088e00000, 0x0000000088e00000, 0x0000000088f00000|  0%| F|  |TAMS 0x0000000088e00000, 0x0000000088e00000| Untracked 
| 113|0x0000000088f00000, 0x0000000088f00000, 0x0000000089000000|  0%| F|  |TAMS 0x0000000088f00000, 0x0000000088f00000| Untracked 
| 114|0x0000000089000000, 0x0000000089000000, 0x0000000089100000|  0%| F|  |TAMS 0x0000000089000000, 0x0000000089000000| Untracked 
| 115|0x0000000089100000, 0x0000000089100000, 0x0000000089200000|  0%| F|  |TAMS 0x0000000089100000, 0x0000000089100000| Untracked 
| 116|0x0000000089200000, 0x0000000089200000, 0x0000000089300000|  0%| F|  |TAMS 0x0000000089200000, 0x0000000089200000| Untracked 
| 117|0x0000000089300000, 0x0000000089300000, 0x0000000089400000|  0%| F|  |TAMS 0x0000000089300000, 0x0000000089300000| Untracked 
| 118|0x0000000089400000, 0x0000000089500000, 0x0000000089500000|100%| E|  |TAMS 0x0000000089400000, 0x0000000089400000| Complete 
| 119|0x0000000089500000, 0x0000000089600000, 0x0000000089600000|100%| E|  |TAMS 0x0000000089500000, 0x0000000089500000| Complete 
| 120|0x0000000089600000, 0x0000000089700000, 0x0000000089700000|100%| E|CS|TAMS 0x0000000089600000, 0x0000000089600000| Complete 
| 121|0x0000000089700000, 0x0000000089800000, 0x0000000089800000|100%| E|CS|TAMS 0x0000000089700000, 0x0000000089700000| Complete 
| 122|0x0000000089800000, 0x0000000089900000, 0x0000000089900000|100%| E|CS|TAMS 0x0000000089800000, 0x0000000089800000| Complete 
| 123|0x0000000089900000, 0x0000000089a00000, 0x0000000089a00000|100%| E|CS|TAMS 0x0000000089900000, 0x0000000089900000| Complete 
| 124|0x0000000089a00000, 0x0000000089b00000, 0x0000000089b00000|100%| E|CS|TAMS 0x0000000089a00000, 0x0000000089a00000| Complete 
| 125|0x0000000089b00000, 0x0000000089c00000, 0x0000000089c00000|100%| E|CS|TAMS 0x0000000089b00000, 0x0000000089b00000| Complete 
| 126|0x0000000089c00000, 0x0000000089d00000, 0x0000000089d00000|100%| E|CS|TAMS 0x0000000089c00000, 0x0000000089c00000| Complete 
| 127|0x0000000089d00000, 0x0000000089e00000, 0x0000000089e00000|100%| E|CS|TAMS 0x0000000089d00000, 0x0000000089d00000| Complete 

Card table byte_map: [0x000001d220db0000,0x000001d2211b0000] _byte_map_base: 0x000001d2209a1000

Marking Bits (Prev, Next): (CMBitMap*) 0x000001d2092a56f8, (CMBitMap*) 0x000001d2092a5738
 Prev Bits: [0x000001d2215b0000, 0x000001d223538000)
 Next Bits: [0x000001d223540000, 0x000001d2254c8000)

Polling page: 0x000001d208a40000

Metaspace:

Usage:
  Non-class:      7.15 MB capacity,     7.02 MB ( 98%) used,    98.40 KB (  1%) free+waste,    26.63 KB ( <1%) overhead. 
      Class:      1.09 MB capacity,   958.16 KB ( 86%) used,   144.28 KB ( 13%) free+waste,    16.56 KB (  1%) overhead. 
       Both:      8.24 MB capacity,     7.96 MB ( 97%) used,   242.68 KB (  3%) free+waste,    43.19 KB ( <1%) overhead. 

Virtual space:
  Non-class space:        8.00 MB reserved,       7.25 MB ( 91%) committed 
      Class space:        1.00 GB reserved,       1.13 MB ( <1%) committed 
             Both:        1.01 GB reserved,       8.38 MB ( <1%) committed 

Chunk freelists:
   Non-Class:  5.38 KB
       Class:  128 bytes
        Both:  5.50 KB

CodeHeap 'non-profiled nmethods': size=120000Kb used=238Kb max_used=238Kb free=119761Kb
 bounds [0x000001d219140000, 0x000001d2193b0000, 0x000001d220670000]
CodeHeap 'profiled nmethods': size=120000Kb used=1374Kb max_used=1374Kb free=118625Kb
 bounds [0x000001d211c10000, 0x000001d211e80000, 0x000001d219140000]
CodeHeap 'non-nmethods': size=5760Kb used=1223Kb max_used=1236Kb free=4536Kb
 bounds [0x000001d211670000, 0x000001d2118e0000, 0x000001d211c10000]
 total_blobs=1570 nmethods=849 adapters=496
 compilation: enabled
              stopped_count=0, restarted_count=0
 full_count=0

Compilation events (10 events):
Event: 0.540 Thread 0x000001d227f20000 nmethod 850 0x000001d219179890 code [0x000001d219179a40, 0x000001d219179b78]
Event: 0.542 Thread 0x000001d229255800 nmethod 802 0x000001d219179c10 code [0x000001d219179dc0, 0x000001d219179fd8]
Event: 0.542 Thread 0x000001d229255800  819 %     4       java.awt.GradientPaintContext::cycleFillRaster @ 55 (104 bytes)
Event: 0.551 Thread 0x000001d229255800 nmethod 819% 0x000001d21917a210 code [0x000001d21917a3c0, 0x000001d21917a898]
Event: 0.551 Thread 0x000001d229255800  844  s    4       sun.java2d.loops.GraphicsPrimitive::makeUniqueID (26 bytes)
Event: 0.553 Thread 0x000001d229255800 nmethod 844 0x000001d21917ab10 code [0x000001d21917acc0, 0x000001d21917af58]
Event: 0.553 Thread 0x000001d229255800  848       4       sun.java2d.loops.GraphicsPrimitiveMgr::locate (104 bytes)
Event: 0.556 Thread 0x000001d229255800 nmethod 848 0x000001d21917b090 code [0x000001d21917b240, 0x000001d21917b438]
Event: 0.556 Thread 0x000001d229255800  783       4       java.nio.Buffer::nextGetIndex (31 bytes)
Event: 0.556 Thread 0x000001d229255800 nmethod 783 0x000001d21917b710 code [0x000001d21917b8a0, 0x000001d21917b938]

GC Heap History (0 events):
No events

Deoptimization events (4 events):
Event: 0.109 Thread 0x000001d209264000 Uncommon trap: reason=unstable_if action=reinterpret pc=0x000001d21914433c method=java.lang.String.hashCode()I @ 14 c2
Event: 0.318 Thread 0x000001d209264000 Uncommon trap: reason=unstable_if action=reinterpret pc=0x000001d21914a808 method=java.lang.String.isLatin1()Z @ 10 c2
Event: 0.338 Thread 0x000001d209264000 Uncommon trap: reason=unstable_if action=reinterpret pc=0x000001d21916a714 method=java.lang.StringLatin1.replace([BCC)Ljava/lang/String; @ 19 c2
Event: 0.396 Thread 0x000001d22901c800 Uncommon trap: reason=unstable_if action=reinterpret pc=0x000001d219147420 method=java.lang.String.isLatin1()Z @ 10 c2

Classes redefined (0 events):
No events

Internal exceptions (10 events):
Event: 0.234 Thread 0x000001d209264000 Exception <a 'java/lang/NoSuchMethodError'{0x000000008998b220}: java.lang.invoke.DirectMethodHandle$Holder.invokeStatic(Ljava/lang/Object;ILjava/lang/Object;)Ljava/lang/Object;> (0x000000008998b220) thrown at [t:/workspace/open/src/hotspot/share/interpret
Event: 0.252 Thread 0x000001d209264000 Exception <a 'java/lang/ClassNotFoundException'{0x000000008982f370}: com/sun/swing/internal/plaf/metal/resources/spi/metalProvider> (0x000000008982f370) thrown at [t:/workspace/open/src/hotspot/share/classfile/systemDictionary.cpp, line 235]
Event: 0.253 Thread 0x000001d209264000 Exception <a 'java/lang/ClassNotFoundException'{0x00000000898337f8}: com/sun/swing/internal/plaf/basic/resources/spi/basicProvider> (0x00000000898337f8) thrown at [t:/workspace/open/src/hotspot/share/classfile/systemDictionary.cpp, line 235]
Event: 0.306 Thread 0x000001d209264000 Exception <a 'java/lang/NoSuchMethodError'{0x00000000898bf948}: java.lang.invoke.DirectMethodHandle$Holder.invokeStaticInit(Ljava/lang/Object;)V> (0x00000000898bf948) thrown at [t:/workspace/open/src/hotspot/share/interpreter/linkResolver.cpp, line 777]
Event: 0.333 Thread 0x000001d209264000 Exception <a 'java/lang/NoSuchMethodError'{0x000000008973d690}: java.lang.invoke.Invokers$Holder.linkToTargetMethod(Ljava/lang/Object;ILjava/lang/Object;)Ljava/lang/Object;> (0x000000008973d690) thrown at [t:/workspace/open/src/hotspot/share/interpreter/l
Event: 0.471 Thread 0x000001d22901c800 Exception <a 'sun/awt/image/ImageFormatException'{0x00000000896a9ac8}: Insufficient memory (case 4)> (0x00000000896a9ac8) thrown at [t:/workspace/open/src/hotspot/share/prims/jni.cpp, line 636]
Event: 0.484 Thread 0x000001d209264000 Exception <a 'java/lang/NoSuchMethodError'{0x000000008975a318}: java.lang.invoke.DirectMethodHandle$Holder.invokeStatic(Ljava/lang/Object;J)V> (0x000000008975a318) thrown at [t:/workspace/open/src/hotspot/share/interpreter/linkResolver.cpp, line 777]
Event: 0.486 Thread 0x000001d209264000 Exception <a 'java/lang/NoSuchMethodError'{0x0000000089764950}: java.lang.invoke.DirectMethodHandle$Holder.invokeStatic(Ljava/lang/Object;Ljava/lang/Object;JLjava/lang/Object;)Ljava/lang/Object;> (0x0000000089764950) thrown at [t:/workspace/open/src/hotsp
Event: 0.487 Thread 0x000001d209264000 Exception <a 'java/lang/NoSuchMethodError'{0x0000000089767638}: java.lang.invoke.DirectMethodHandle$Holder.invokeStaticInit(Ljava/lang/Object;Ljava/lang/Object;JLjava/lang/Object;)Ljava/lang/Object;> (0x0000000089767638) thrown at [t:/workspace/open/src/h
Event: 0.488 Thread 0x000001d209264000 Exception <a 'java/lang/NoSuchMethodError'{0x000000008976cd28}: java.lang.invoke.Invokers$Holder.linkToTargetMethod(Ljava/lang/Object;JLjava/lang/Object;)Ljava/lang/Object;> (0x000000008976cd28) thrown at [t:/workspace/open/src/hotspot/share/interpreter/l

Events (10 events):
Event: 0.511 loading class sun/java2d/pipe/AlphaPaintPipe$TileContext done
Event: 0.514 loading class sun/font/CompositeGlyphMapper
Event: 0.514 loading class sun/font/CompositeGlyphMapper done
Event: 0.520 loading class java/awt/print/PrinterGraphics
Event: 0.520 loading class java/awt/print/PrinterGraphics done
Event: 0.520 loading class java/awt/PrintGraphics
Event: 0.520 loading class java/awt/PrintGraphics done
Event: 0.520 loading class sun/java2d/loops/FontInfo
Event: 0.520 loading class sun/java2d/loops/FontInfo done
Event: 0.538 Thread 0x000001d229255800 Thread added: 0x000001d229255800


Dynamic libraries:
0x00007ff6afc90000 - 0x00007ff6afc9f000 	C:\Program Files\Java\jdk-12.0.2\bin\javaw.exe
0x00007fffa2b40000 - 0x00007fffa2d21000 	C:\WINDOWS\SYSTEM32\ntdll.dll
0x00007fffa23e0000 - 0x00007fffa2491000 	C:\WINDOWS\System32\KERNEL32.DLL
0x00007fff9f9e0000 - 0x00007fff9fc53000 	C:\WINDOWS\System32\KERNELBASE.dll
0x00007fff9fc60000 - 0x00007fff9fd58000 	C:\WINDOWS\System32\ucrtbase.dll
0x00007fff99020000 - 0x00007fff99038000 	C:\Program Files\Java\jdk-12.0.2\bin\jli.dll
0x00007fff99040000 - 0x00007fff99056000 	C:\Program Files\Java\jdk-12.0.2\bin\VCRUNTIME140.dll
0x00007fffa0b20000 - 0x00007fffa0bc1000 	C:\WINDOWS\System32\ADVAPI32.dll
0x00007fffa0720000 - 0x00007fffa07be000 	C:\WINDOWS\System32\msvcrt.dll
0x00007fffa0410000 - 0x00007fffa046b000 	C:\WINDOWS\System32\sechost.dll
0x00007fff9ffc0000 - 0x00007fffa00e4000 	C:\WINDOWS\System32\RPCRT4.dll
0x00007fffa0c30000 - 0x00007fffa0dc0000 	C:\WINDOWS\System32\USER32.dll
0x00007fff9fd60000 - 0x00007fff9fd80000 	C:\WINDOWS\System32\win32u.dll
0x00007fff93780000 - 0x00007fff939e9000 	C:\WINDOWS\WinSxS\amd64_microsoft.windows.common-controls_6595b64144ccf1df_6.0.17134.1006_none_d3fbb8f77c940c3f\COMCTL32.dll
0x00007fffa2310000 - 0x00007fffa2338000 	C:\WINDOWS\System32\GDI32.dll
0x00007fffa07c0000 - 0x00007fffa0ae1000 	C:\WINDOWS\System32\combase.dll
0x00007fff9fe20000 - 0x00007fff9ffb1000 	C:\WINDOWS\System32\gdi32full.dll
0x00007fff9fd80000 - 0x00007fff9fe1f000 	C:\WINDOWS\System32\msvcp_win.dll
0x00007fff9f140000 - 0x00007fff9f1b9000 	C:\WINDOWS\System32\bcryptPrimitives.dll
0x00007fff9b060000 - 0x00007fff9b06a000 	C:\WINDOWS\SYSTEM32\VERSION.dll
0x00007fffa0af0000 - 0x00007fffa0b1d000 	C:\WINDOWS\System32\IMM32.DLL
0x00007fff795b0000 - 0x00007fff7965a000 	C:\Program Files\Java\jdk-12.0.2\bin\msvcp140.dll
0x00007fff63e50000 - 0x00007fff649c7000 	C:\Program Files\Java\jdk-12.0.2\bin\server\jvm.dll
0x00007fffa0dc0000 - 0x00007fffa0dc8000 	C:\WINDOWS\System32\PSAPI.DLL
0x00007fff9c6c0000 - 0x00007fff9c6e3000 	C:\WINDOWS\SYSTEM32\WINMM.dll
0x00007fff9a770000 - 0x00007fff9a779000 	C:\WINDOWS\SYSTEM32\WSOCK32.dll
0x00007fffa0520000 - 0x00007fffa058c000 	C:\WINDOWS\System32\WS2_32.dll
0x00007fff9c0c0000 - 0x00007fff9c0ea000 	C:\WINDOWS\SYSTEM32\WINMMBASE.dll
0x00007fff9ef00000 - 0x00007fff9ef49000 	C:\WINDOWS\System32\cfgmgr32.dll
0x00007fff9eec0000 - 0x00007fff9eed1000 	C:\WINDOWS\System32\kernel.appcore.dll
0x00007fff99250000 - 0x00007fff99261000 	C:\Program Files\Java\jdk-12.0.2\bin\verify.dll
0x00007fff97c50000 - 0x00007fff97e19000 	C:\WINDOWS\SYSTEM32\DBGHELP.DLL
0x00007fff84f70000 - 0x00007fff84f99000 	C:\WINDOWS\SYSTEM32\dbgcore.DLL
0x00007fff99140000 - 0x00007fff99166000 	C:\Program Files\Java\jdk-12.0.2\bin\java.dll
0x00007fff98fe0000 - 0x00007fff98ff7000 	C:\Program Files\Java\jdk-12.0.2\bin\zip.dll
0x00007fff993b0000 - 0x00007fff993ba000 	C:\Program Files\Java\jdk-12.0.2\bin\jimage.dll
0x00007fffa0df0000 - 0x00007fffa2232000 	C:\WINDOWS\System32\SHELL32.dll
0x00007fffa0470000 - 0x00007fffa0519000 	C:\WINDOWS\System32\shcore.dll
0x00007fff9f2d0000 - 0x00007fff9f9de000 	C:\WINDOWS\System32\windows.storage.dll
0x00007fffa0100000 - 0x00007fffa0151000 	C:\WINDOWS\System32\shlwapi.dll
0x00007fff9eee0000 - 0x00007fff9eeff000 	C:\WINDOWS\System32\profapi.dll
0x00007fff9ee70000 - 0x00007fff9eebc000 	C:\WINDOWS\System32\powrprof.dll
0x00007fff9ee40000 - 0x00007fff9ee4a000 	C:\WINDOWS\System32\FLTLIB.DLL
0x00007fff98fa0000 - 0x00007fff98fb9000 	C:\Program Files\Java\jdk-12.0.2\bin\net.dll
0x00007fff92320000 - 0x00007fff924ea000 	C:\WINDOWS\SYSTEM32\urlmon.dll
0x00007fff994f0000 - 0x00007fff995cd000 	C:\WINDOWS\SYSTEM32\WINHTTP.dll
0x00007fff92070000 - 0x00007fff92317000 	C:\WINDOWS\SYSTEM32\iertutil.dll
0x00007fff9e810000 - 0x00007fff9e81b000 	C:\WINDOWS\SYSTEM32\CRYPTBASE.DLL
0x00007fff9e660000 - 0x00007fff9e6c6000 	C:\WINDOWS\system32\mswsock.dll
0x00007fff929a0000 - 0x00007fff929b3000 	C:\Program Files\Java\jdk-12.0.2\bin\nio.dll
0x00007fff716e0000 - 0x00007fff7187f000 	C:\Program Files\Java\jdk-12.0.2\bin\awt.dll
0x00007fffa2240000 - 0x00007fffa2302000 	C:\WINDOWS\System32\OLEAUT32.dll
0x00007fff9c0f0000 - 0x00007fff9c6b7000 	C:\WINDOWS\SYSTEM32\d2d1.dll
0x00007fff9ce90000 - 0x00007fff9cf1b000 	C:\WINDOWS\SYSTEM32\apphelp.dll
0x00007fff9d770000 - 0x00007fff9d799000 	C:\WINDOWS\system32\DWMAPI.DLL
0x00007fff9d6a0000 - 0x00007fff9d738000 	C:\WINDOWS\system32\uxtheme.dll
0x00007fff8f000000 - 0x00007fff8f120000 	C:\WINDOWS\system32\opengl32.dll
0x00007fff939f0000 - 0x00007fff93a1c000 	C:\WINDOWS\SYSTEM32\GLU32.dll
0x00007fffa05a0000 - 0x00007fffa0713000 	C:\WINDOWS\System32\MSCTF.dll
0x00007fffa0160000 - 0x00007fffa02b1000 	C:\WINDOWS\System32\ole32.dll
0x00007fff79260000 - 0x00007fff792e0000 	C:\Program Files\Java\jdk-12.0.2\bin\freetype.dll
0x00007fff78d40000 - 0x00007fff78deb000 	C:\Program Files\Java\jdk-12.0.2\bin\fontmanager.dll
0x00007fff8f1a0000 - 0x00007fff8f236000 	C:\WINDOWS\System32\TextInputFramework.dll
0x00007fff974c0000 - 0x00007fff977de000 	C:\WINDOWS\System32\CoreUIComponents.dll
0x00007fff9cc90000 - 0x00007fff9cd6a000 	C:\WINDOWS\System32\CoreMessaging.dll
0x00007fff9dea0000 - 0x00007fff9ded1000 	C:\WINDOWS\SYSTEM32\ntmarta.dll
0x00007fff9b940000 - 0x00007fff9ba8d000 	C:\WINDOWS\SYSTEM32\wintypes.dll
0x00007fff99300000 - 0x00007fff9932d000 	C:\Program Files\Java\jdk-12.0.2\bin\javajpeg.dll

dbghelp: loaded successfully - version: 4.0.5 - missing functions: none
symbol engine: initialized successfully - sym options: 0x614 - pdb path: .;C:\Program Files\Java\jdk-12.0.2\bin;C:\WINDOWS\SYSTEM32;C:\WINDOWS\WinSxS\amd64_microsoft.windows.common-controls_6595b64144ccf1df_6.0.17134.1006_none_d3fbb8f77c940c3f;C:\Program Files\Java\jdk-12.0.2\bin\server

VM Arguments:
jvm_args: -Dfile.encoding=Cp1252 
java_command: Controllers.ControllerMenu
java_class_path (initial): C:\Users\LENOVO\eclipse-workspace\HS-M2\bin;C:\Users\LENOVO\.p2\pool\plugins\org.junit.jupiter.api_5.5.1.v20190826-0900.jar;C:\Users\LENOVO\.p2\pool\plugins\org.junit.jupiter.engine_5.5.1.v20190826-0900.jar;C:\Users\LENOVO\.p2\pool\plugins\org.junit.jupiter.migrationsupport_5.5.1.v20190826-0900.jar;C:\Users\LENOVO\.p2\pool\plugins\org.junit.jupiter.params_5.5.1.v20190826-0900.jar;C:\Users\LENOVO\.p2\pool\plugins\org.junit.platform.commons_1.5.1.v20190826-0900.jar;C:\Users\LENOVO\.p2\pool\plugins\org.junit.platform.engine_1.5.1.v20190826-0900.jar;C:\Users\LENOVO\.p2\pool\plugins\org.junit.platform.launcher_1.5.1.v20190826-0900.jar;C:\Users\LENOVO\.p2\pool\plugins\org.junit.platform.runner_1.5.1.v20190826-0900.jar;C:\Users\LENOVO\.p2\pool\plugins\org.junit.platform.suite.api_1.5.1.v20190826-0900.jar;C:\Users\LENOVO\.p2\pool\plugins\org.junit.vintage.engine_5.5.1.v20190826-0900.jar;C:\Users\LENOVO\.p2\pool\plugins\org.opentest4j_1.2.0.v20190826-0900.jar;C:\Users\LENOVO\.p2\pool\plugins\org.apiguardian_1.1.0.v20190826-0900.jar;C:\Users\LENOVO\.p2\pool\plugins\org.junit_4.12.0.v201504281640\junit.jar;C:\Users\LENOVO\.p2\pool\plugins\org.hamcrest.core_1.3.0.v20180420-1519.jar;C:\Users\LENOVO\eclipse-workspace\HS-M2\res
Launcher Type: SUN_STANDARD

[Global flags]
     intx CICompilerCount                          = 4                                         {product} {ergonomic}
     uint ConcGCThreads                            = 2                                         {product} {ergonomic}
     uint G1ConcRefinementThreads                  = 8                                         {product} {ergonomic}
   size_t G1HeapRegionSize                         = 1048576                                   {product} {ergonomic}
    uintx GCDrainStackTargetSize                   = 64                                        {product} {ergonomic}
   size_t InitialHeapSize                          = 134217728                                 {product} {ergonomic}
   size_t MarkStackSize                            = 4194304                                   {product} {ergonomic}
   size_t MaxHeapSize                              = 2116026368                                {product} {ergonomic}
   size_t MaxNewSize                               = 1268776960                                {product} {ergonomic}
   size_t MinHeapDeltaBytes                        = 1048576                                   {product} {ergonomic}
    uintx NonNMethodCodeHeapSize                   = 5836300                                {pd product} {ergonomic}
    uintx NonProfiledCodeHeapSize                  = 122910970                              {pd product} {ergonomic}
    uintx ProfiledCodeHeapSize                     = 122910970                              {pd product} {ergonomic}
    uintx ReservedCodeCacheSize                    = 251658240                              {pd product} {ergonomic}
     bool SegmentedCodeCache                       = true                                      {product} {ergonomic}
     bool UseCompressedClassPointers               = true                                 {lp64_product} {ergonomic}
     bool UseCompressedOops                        = true                                 {lp64_product} {ergonomic}
     bool UseG1GC                                  = true                                      {product} {ergonomic}
     bool UseLargePagesIndividualAllocation        = false                                  {pd product} {ergonomic}

Logging:
Log output configuration:
 #0: stdout all=warning uptime,level,tags
 #1: stderr all=off uptime,level,tags

Environment Variables:
PATH=C:/Program Files/Java/jdk-12.0.2/bin/server;C:/Program Files/Java/jdk-12.0.2/bin;C:\Program Files (x86)\Intel\Intel(R) Management Engine Components\iCLS\;C:\Program Files\Intel\Intel(R) Management Engine Components\iCLS\;C:\Windows\system32;C:\Windows;C:\Windows\System32\Wbem;C:\Windows\System32\WindowsPowerShell\v1.0\;C:\Program Files (x86)\NVIDIA Corporation\PhysX\Common;C:\Program Files\NVIDIA Corporation\NVIDIA NvDLISR;C:\Program Files (x86)\Intel\Intel(R) Management Engine Components\DAL;C:\Program Files\Intel\Intel(R) Management Engine Components\DAL;C:\Program Files (x86)\Intel\Intel(R) Management Engine Components\IPT;C:\Program Files\Intel\Intel(R) Management Engine Components\IPT;C:\WINDOWS\system32;C:\WINDOWS;C:\WINDOWS\System32\Wbem;C:\WINDOWS\System32\WindowsPowerShell\v1.0\;C:\WINDOWS\System32\OpenSSH\;C:\ProgramData\Oracle\Java\javapath;D:\runtime\win64;D:\bin;C:\Users\LENOVO\AppData\Local\Programs\Python\Python37-32\Scripts\;C:\Users\LENOVO\AppData\Local\Programs\Python\Python37-32\;C:\Users\LENOVO\AppData\Local\Microsoft\WindowsApps;D:\Microsoft VS Code\bin;D:\swipl\bin;C:\WINDOWS\System32;
USERNAME=LENOVO
OS=Windows_NT
PROCESSOR_IDENTIFIER=Intel64 Family 6 Model 142 Stepping 10, GenuineIntel



---------------  S Y S T E M  ---------------

OS: Windows 10 , 64 bit Build 17134 (10.0.17134.753)

CPU:total 8 (initial active 8) (4 cores per cpu, 2 threads per core) family 6 model 142 stepping 10, cmov, cx8, fxsr, mmx, sse, sse2, sse3, ssse3, sse4.1, sse4.2, popcnt, avx, avx2, aes, clmul, erms, 3dnowpref, lzcnt, ht, tsc, tscinvbit, bmi1, bmi2, adx, fma

Memory: 4k page, system-wide physical 8066M (2709M free)
TotalPageFile size 18201M (AvailPageFile size 10M)
current process WorkingSet (physical memory assigned to process): 77M, peak: 77M
current process commit charge ("private bytes"): 219M, peak: 226M

vm_info: Java HotSpot(TM) 64-Bit Server VM (12.0.2+10) for windows-amd64 JRE (12.0.2+10), built on Jul 16 2019 01:56:17 by "mach5one" with MS VC++ 15.5 (VS2017)

END.
